<?xml version="1.0" encoding="UTF-8"?>
<!-- Generated by org.testng.reporters.JUnitXMLReporter -->
<testsuite ignored="0" hostname="DESKTOP-UD8U1FM" failures="0" tests="3" name="LoginTestMethods" time="16.461" errors="0" timestamp="2025-07-20T17:19:41 IST">
  <testcase classname="com.Erequisition.qa.testcases.LoginTest" name="loginpagetitletes" time="0.178"/>
  <testcase classname="com.Erequisition.qa.testcases.LoginTest" name="loginpageLogotest" time="0.071"/>
  <testcase classname="com.Erequisition.qa.testcases.LoginTest" name="logintest" time="0.808"/>
</testsuite> <!-- LoginTestMethods -->
