<?xml version="1.0" encoding="UTF-8"?>
<!-- Generated by org.testng.reporters.JUnitXMLReporter -->
<testsuite ignored="0" hostname="DESKTOP-UD8U1FM" failures="0" tests="3" name="Default test" time="16.544" errors="0" timestamp="2025-07-20T17:18:43 IST">
  <testcase classname="com.Erequisition.qa.testcases.LoginTest" name="loginpagetitletes" time="0.163"/>
  <testcase classname="com.Erequisition.qa.testcases.LoginTest" name="loginpageLogotest" time="0.076"/>
  <testcase classname="com.Erequisition.qa.testcases.LoginTest" name="logintest" time="0.643"/>
</testsuite> <!-- Default test -->
