<?xml version="1.0" encoding="UTF-8"?>
<!-- Generated by org.testng.reporters.JUnitXMLReporter -->
<testsuite ignored="0" hostname="ULW5CG1380MV2" failures="0" tests="3" name="Test" time="19.988" errors="0" timestamp="2025-03-10T09:58:05 IST">
  <testcase classname="com.Erequisition.qa.testcases.LoginTest" name="loginpagetitletes" time="0.022"/>
  <testcase classname="com.Erequisition.qa.testcases.LoginTest" name="loginpageLogotest" time="0.081"/>
  <testcase classname="com.Erequisition.qa.testcases.LoginTest" name="logintest" time="0.449"/>
</testsuite> <!-- Test -->
