<?xml version="1.0" encoding="UTF-8"?>
<testng-results ignored="0" total="3" passed="3" failed="0" skipped="0">
  <reporter-output>
  </reporter-output>
  <suite started-at="2025-07-20T17:19:24 IST" name="Erequisition" finished-at="2025-07-20T17:19:41 IST" duration-ms="16461">
    <groups>
    </groups>
    <test started-at="2025-07-20T17:19:24 IST" name="LoginTestMethods" finished-at="2025-07-20T17:19:41 IST" duration-ms="16461">
      <class name="com.Erequisition.qa.testcases.LoginTest">
        <test-method is-config="true" signature="initialization()[pri:0, instance:com.Erequisition.qa.testcases.LoginTest@f79e]" started-at="2025-07-20T17:19:24 IST" name="initialization" finished-at="2025-07-20T17:19:28 IST" duration-ms="3182" status="PASS">
          <reporter-output>
          </reporter-output>
        </test-method> <!-- initialization -->
        <test-method is-config="true" signature="setup()[pri:0, instance:com.Erequisition.qa.testcases.LoginTest@f79e]" started-at="2025-07-20T17:19:28 IST" name="setup" finished-at="2025-07-20T17:19:30 IST" duration-ms="2346" status="PASS">
          <reporter-output>
          </reporter-output>
        </test-method> <!-- setup -->
        <test-method signature="loginpagetitletes()[pri:1, instance:com.Erequisition.qa.testcases.LoginTest@f79e]" started-at="2025-07-20T17:19:30 IST" name="loginpagetitletes" finished-at="2025-07-20T17:19:30 IST" duration-ms="178" status="PASS">
          <reporter-output>
          </reporter-output>
        </test-method> <!-- loginpagetitletes -->
        <test-method is-config="true" signature="teardown()[pri:0, instance:com.Erequisition.qa.testcases.LoginTest@f79e]" started-at="2025-07-20T17:19:30 IST" name="teardown" finished-at="2025-07-20T17:19:30 IST" duration-ms="186" status="PASS">
          <reporter-output>
          </reporter-output>
        </test-method> <!-- teardown -->
        <test-method is-config="true" signature="tearDown(org.testng.ITestResult)[pri:0, instance:com.Erequisition.qa.testcases.LoginTest@f79e]" started-at="2025-07-20T17:19:30 IST" name="tearDown" finished-at="2025-07-20T17:19:30 IST" duration-ms="2" status="PASS">
          <params>
            <param index="0">
              <value>
                <![CDATA[[TestResult name=loginpagetitletes status=SUCCESS method=LoginTest.loginpagetitletes()[pri:1, instance:com.Erequisition.qa.testcases.LoginTest@f79e] output={null}]]]>
              </value>
            </param>
          </params>
          <reporter-output>
          </reporter-output>
        </test-method> <!-- tearDown -->
        <test-method is-config="true" signature="initialization()[pri:0, instance:com.Erequisition.qa.testcases.LoginTest@f79e]" started-at="2025-07-20T17:19:30 IST" name="initialization" finished-at="2025-07-20T17:19:32 IST" duration-ms="2117" status="PASS">
          <reporter-output>
          </reporter-output>
        </test-method> <!-- initialization -->
        <test-method is-config="true" signature="setup()[pri:0, instance:com.Erequisition.qa.testcases.LoginTest@f79e]" started-at="2025-07-20T17:19:32 IST" name="setup" finished-at="2025-07-20T17:19:35 IST" duration-ms="2290" status="PASS">
          <reporter-output>
          </reporter-output>
        </test-method> <!-- setup -->
        <test-method signature="loginpageLogotest()[pri:2, instance:com.Erequisition.qa.testcases.LoginTest@f79e]" started-at="2025-07-20T17:19:35 IST" name="loginpageLogotest" finished-at="2025-07-20T17:19:35 IST" duration-ms="71" status="PASS">
          <reporter-output>
          </reporter-output>
        </test-method> <!-- loginpageLogotest -->
        <test-method is-config="true" signature="teardown()[pri:0, instance:com.Erequisition.qa.testcases.LoginTest@f79e]" started-at="2025-07-20T17:19:35 IST" name="teardown" finished-at="2025-07-20T17:19:35 IST" duration-ms="236" status="PASS">
          <reporter-output>
          </reporter-output>
        </test-method> <!-- teardown -->
        <test-method is-config="true" signature="tearDown(org.testng.ITestResult)[pri:0, instance:com.Erequisition.qa.testcases.LoginTest@f79e]" started-at="2025-07-20T17:19:35 IST" name="tearDown" finished-at="2025-07-20T17:19:35 IST" duration-ms="1" status="PASS">
          <params>
            <param index="0">
              <value>
                <![CDATA[[TestResult name=loginpageLogotest status=SUCCESS method=LoginTest.loginpageLogotest()[pri:2, instance:com.Erequisition.qa.testcases.LoginTest@f79e] output={null}]]]>
              </value>
            </param>
          </params>
          <reporter-output>
          </reporter-output>
        </test-method> <!-- tearDown -->
        <test-method is-config="true" signature="initialization()[pri:0, instance:com.Erequisition.qa.testcases.LoginTest@f79e]" started-at="2025-07-20T17:19:35 IST" name="initialization" finished-at="2025-07-20T17:19:37 IST" duration-ms="2229" status="PASS">
          <reporter-output>
          </reporter-output>
        </test-method> <!-- initialization -->
        <test-method is-config="true" signature="setup()[pri:0, instance:com.Erequisition.qa.testcases.LoginTest@f79e]" started-at="2025-07-20T17:19:37 IST" name="setup" finished-at="2025-07-20T17:19:40 IST" duration-ms="2511" status="PASS">
          <reporter-output>
          </reporter-output>
        </test-method> <!-- setup -->
        <test-method signature="logintest()[pri:3, instance:com.Erequisition.qa.testcases.LoginTest@f79e]" started-at="2025-07-20T17:19:40 IST" name="logintest" finished-at="2025-07-20T17:19:41 IST" duration-ms="808" status="PASS">
          <reporter-output>
          </reporter-output>
        </test-method> <!-- logintest -->
        <test-method is-config="true" signature="teardown()[pri:0, instance:com.Erequisition.qa.testcases.LoginTest@f79e]" started-at="2025-07-20T17:19:41 IST" name="teardown" finished-at="2025-07-20T17:19:41 IST" duration-ms="205" status="PASS">
          <reporter-output>
          </reporter-output>
        </test-method> <!-- teardown -->
        <test-method is-config="true" signature="tearDown(org.testng.ITestResult)[pri:0, instance:com.Erequisition.qa.testcases.LoginTest@f79e]" started-at="2025-07-20T17:19:41 IST" name="tearDown" finished-at="2025-07-20T17:19:41 IST" duration-ms="1" status="PASS">
          <params>
            <param index="0">
              <value>
                <![CDATA[[TestResult name=logintest status=SUCCESS method=LoginTest.logintest()[pri:3, instance:com.Erequisition.qa.testcases.LoginTest@f79e] output={null}]]]>
              </value>
            </param>
          </params>
          <reporter-output>
          </reporter-output>
        </test-method> <!-- tearDown -->
      </class> <!-- com.Erequisition.qa.testcases.LoginTest -->
    </test> <!-- LoginTestMethods -->
  </suite> <!-- Erequisition -->
</testng-results>
